<?xml version="1.0" encoding="UTF-8"?>
<carriers>
    <carrier id="shopping_1">
        <attributes>
            <attribute name="carrierMode" class="java.lang.String">drt</attribute>
            <attribute name="jspritIterations" class="java.lang.Integer">50</attribute>
            <attribute name="market" class="java.lang.String">shopping</attribute>
        </attributes>
        <capabilities fleetSize="INFINITE">
            <vehicles>
                <vehicle id="carrier_0_lightVehicle_one" depotLinkId="206" typeId="small" earliestStart="06:00:00"
                         latestEnd="16:00:00"/>
            </vehicles>

        </capabilities>
    </carrier>

    <carrier id="salamiPizza">
        <attributes>
            <attribute name="carrierMode" class="java.lang.String">drt</attribute>
            <attribute name="jspritIterations" class="java.lang.Integer">50</attribute>
            <attribute name="market" class="java.lang.String">pizza</attribute>
        </attributes>
        <capabilities fleetSize="INFINITE">
            <vehicles>
                <vehicle id="carrier_1_lightVehicle_one" depotLinkId="111" typeId="small" earliestStart="06:00:00"
                         latestEnd="16:00:00"/>
            </vehicles>

        </capabilities>


    </carrier>

    <carrier id="funghiPizza">
        <attributes>
            <attribute name="carrierMode" class="java.lang.String">drt</attribute>
            <attribute name="jspritIterations" class="java.lang.Integer">50</attribute>
            <attribute name="market" class="java.lang.String">pizza</attribute>
        </attributes>
        <capabilities fleetSize="INFINITE">
            <vehicles>
                <vehicle id="carrier_2_lightVehicle_one" depotLinkId="320" typeId="small" earliestStart="06:00:00"
                         latestEnd="16:00:00"/>
            </vehicles>

        </capabilities>


    </carrier>

</carriers>
