<?xml version="1.0" encoding="UTF-8"?>
<carriers>
    <carrier id="shopping_1">
        <capabilities fleetSize="INFINITE">
            <vehicles>
                <vehicle id="carrier_0_lightVehicle_one" depotLinkId="206" typeId="small" earliestStart="06:00:00"
                         latestEnd="16:00:00"/>
            </vehicles>

			<services>
				<service id="0" to="259" capacityDemand="1" earliestStart="09:00:00" latestEnd="24:00:00"
                     serviceDuration="00:00:31"/>
				<service id="1" to="258" capacityDemand="1" earliestStart="08:30:00" latestEnd="24:00:00"
                     serviceDuration="00:00:31"/>
			
			</services>
        </capabilities>
    </carrier>

    <carrier id="pizza_1">
        <capabilities fleetSize="INFINITE">
            <vehicles>
                <vehicle id="carrier_1_lightVehicle_one" depotLinkId="111" typeId="small" earliestStart="06:00:00"
                         latestEnd="16:00:00"/>
            </vehicles>
			<services>
				<service id="salamipizza_2" to="258" capacityDemand="1" earliestStart="12:00:00" latestEnd="24:00:00"
                     serviceDuration="00:00:31"/>
			
				<service id="3" to="259" capacityDemand="1" earliestStart="08:30:00" latestEnd="24:00:00"
                     serviceDuration="00:00:31"/>

			</services>
        </capabilities>


    </carrier>

    <carrier id="pizza_2">
        <capabilities fleetSize="INFINITE">
            <vehicles>
                <vehicle id="carrier_2_lightVehicle_one" depotLinkId="320" typeId="small" earliestStart="06:00:00"
                         latestEnd="16:00:00"/>
            </vehicles>

        </capabilities>


    </carrier>

</carriers>
